<?xml version="1.0" encoding="UTF-8"?>
<testsuite xmlns:xsi="http://www.w3.org/2001/XMLSchema-instance" xsi:noNamespaceSchemaLocation="https://maven.apache.org/surefire/maven-surefire-plugin/xsd/surefire-test-report-3.0.xsd" version="3.0" name="com.bankx.bankx.BankxApplicationTests" time="5.966" tests="1" errors="0" skipped="0" failures="0">
  <properties>
[...]
</properties>
  <testcase name="contextLoads" classname="com.bankx.bankx.BankxApplicationTests" time="0.58">
    <system-out><![CDATA[14:18:09.931 [main] INFO org.springframework.test.context.support.AnnotationConfigContextLoaderUtils -- Could not detect default configuration classes for test class [com.bankx.bankx.BankxApplicationTests]: BankxApplicationTests does not declare any static, non-private, non-final, nested classes annotated with @Configuration.
14:18:10.025 [main] INFO org.springframework.boot.test.context.SpringBootTestContextBootstrapper -- Found @SpringBootConfiguration com.bankx.BankXApplication for test class com.bankx.bankx.BankxApplicationTests
14:18:10.165 [main] INFO org.springframework.boot.devtools.restart.RestartApplicationListener -- Restart disabled due to context in which it is running

  .   ____          _            __ _ _
 /\\ / ___'_ __ _ _(_)_ __  __ _ \ \ \ \
( ( )\___ | '_ | '_| | '_ \/ _` | \ \ \ \
 \\/  ___)| |_)| | | | | || (_| |  ) ) ) )
  '  |____| .__|_| |_|_| |_\__, | / / / /
 =========|_|==============|___/=/_/_/_/
 :: Spring Boot ::                (v3.2.8)

2024-09-03T14:18:10.518+05:30  INFO 10084 --- [bankx] [           main] com.bankx.bankx.BankxApplicationTests    : Starting BankxApplicationTests using Java 22.0.2 with PID 10084 (started by Montu in D:\BankApplication\BankXapplication)
2024-09-03T14:18:10.531+05:30  INFO 10084 --- [bankx] [           main] com.bankx.bankx.BankxApplicationTests    : No active profile set, falling back to 1 default profile: "default"
2024-09-03T14:18:11.454+05:30  INFO 10084 --- [bankx] [           main] .s.d.r.c.RepositoryConfigurationDelegate : Bootstrapping Spring Data JPA repositories in DEFAULT mode.
2024-09-03T14:18:11.485+05:30  INFO 10084 --- [bankx] [           main] .s.d.r.c.RepositoryConfigurationDelegate : Finished Spring Data repository scanning in 37 ms. Found 1 JPA repository interface.
2024-09-03T14:18:12.126+05:30  INFO 10084 --- [bankx] [           main] com.zaxxer.hikari.HikariDataSource       : HikariPool-1 - Starting...
2024-09-03T14:18:12.329+05:30  INFO 10084 --- [bankx] [           main] com.zaxxer.hikari.pool.HikariPool        : HikariPool-1 - Added connection conn0: url=jdbc:h2:mem:bankdb user=SA
2024-09-03T14:18:12.329+05:30  INFO 10084 --- [bankx] [           main] com.zaxxer.hikari.HikariDataSource       : HikariPool-1 - Start completed.
2024-09-03T14:18:12.377+05:30  INFO 10084 --- [bankx] [           main] o.hibernate.jpa.internal.util.LogHelper  : HHH000204: Processing PersistenceUnitInfo [name: default]
2024-09-03T14:18:12.424+05:30  INFO 10084 --- [bankx] [           main] org.hibernate.Version                    : HHH000412: Hibernate ORM core version 6.4.9.Final
2024-09-03T14:18:12.455+05:30  INFO 10084 --- [bankx] [           main] o.h.c.internal.RegionFactoryInitiator    : HHH000026: Second-level cache disabled
2024-09-03T14:18:12.705+05:30  INFO 10084 --- [bankx] [           main] o.s.o.j.p.SpringPersistenceUnitInfo      : No LoadTimeWeaver setup: ignoring JPA class transformer
2024-09-03T14:18:12.752+05:30  WARN 10084 --- [bankx] [           main] org.hibernate.orm.deprecation            : HHH90000025: H2Dialect does not need to be specified explicitly using 'hibernate.dialect' (remove the property setting and it will be selected by default)
2024-09-03T14:18:13.455+05:30  INFO 10084 --- [bankx] [           main] o.h.e.t.j.p.i.JtaPlatformInitiator       : HHH000489: No JTA platform available (set 'hibernate.transaction.jta.platform' to enable JTA platform integration)
2024-09-03T14:18:13.487+05:30  INFO 10084 --- [bankx] [           main] j.LocalContainerEntityManagerFactoryBean : Initialized JPA EntityManagerFactory for persistence unit 'default'
2024-09-03T14:18:14.097+05:30  WARN 10084 --- [bankx] [           main] JpaBaseConfiguration$JpaWebConfiguration : spring.jpa.open-in-view is enabled by default. Therefore, database queries may be performed during view rendering. Explicitly configure spring.jpa.open-in-view to disable this warning
2024-09-03T14:18:14.144+05:30  INFO 10084 --- [bankx] [           main] o.s.b.a.w.s.WelcomePageHandlerMapping    : Adding welcome page: class path resource [static/index.html]
2024-09-03T14:18:14.926+05:30  INFO 10084 --- [bankx] [           main] o.s.b.a.h2.H2ConsoleAutoConfiguration    : H2 console available at '/h2-console'. Database available at 'jdbc:h2:mem:bankdb'
2024-09-03T14:18:14.973+05:30  INFO 10084 --- [bankx] [           main] o.s.b.a.e.web.EndpointLinksResolver      : Exposing 1 endpoint(s) beneath base path '/actuator'
2024-09-03T14:18:15.067+05:30  INFO 10084 --- [bankx] [           main] com.bankx.bankx.BankxApplicationTests    : Started BankxApplicationTests in 4.917 seconds (process running for 5.96)
]]></system-out>
    <system-err><![CDATA[WARNING: A Java agent has been loaded dynamically (D:\m2\net\bytebuddy\byte-buddy-agent\1.14.18\byte-buddy-agent-1.14.18.jar)
WARNING: If a serviceability tool is in use, please run with -XX:+EnableDynamicAgentLoading to hide this warning
WARNING: If a serviceability tool is not in use, please run with -Djdk.instrument.traceUsage for more information
WARNING: Dynamic loading of agents will be disallowed by default in a future release
]]></system-err>
  </testcase>
</testsuite>